<?xml version="1.0" encoding="UTF-8"?>
<!-- Generated by org.testng.reporters.JUnitXMLReporter -->
<testsuite ignored="0" hostname="DESKTOP-JMKOJCR" failures="1" tests="3" name="Test Case 1" time="91.257" errors="0" timestamp="2023-10-06T18:23:47 IST">
  <testcase classname="com.Ubsidi.MakeCollectionOrder.CollectionNoPrint" name="startScreenRecordings1" time="0.31"/>
  <testcase classname="com.Ubsidi.MakeCollectionOrder.CollectionNoPrint" name="repeatTests" time="75.936">
    <failure type="org.openqa.selenium.TimeoutException" message="Expected condition failed: waiting for visibility of all elements located by By.id: com.ubsidi:id/tvProduct (tried for 10 second(s) with 500 milliseconds interval)
Build info: version: &amp;apos;4.12.1&amp;apos;, revision: &amp;apos;8e34639b11&amp;apos;
System info: os.name: &amp;apos;Windows 10&amp;apos;, os.arch: &amp;apos;amd64&amp;apos;, os.version: &amp;apos;10.0&amp;apos;, java.version: &amp;apos;11.0.19&amp;apos;
Driver info: io.appium.java_client.android.AndroidDriver
Capabilities {appium:appActivity: com.ubsidi.epos_2021.activi..., appium:appPackage: com.ubsidi, appium:automationName: uiautomator2, appium:databaseEnabled: false, appium:desired: {appActivity: com.ubsidi.epos_2021.activi..., appPackage: com.ubsidi, automationName: uiautomator2, deviceName: Galaxy Tab A7 Lite, fullReset: false, noReset: true, platformName: ANDROID, platformVersion: 13, udid: 192.168.1.9:5555}, appium:deviceApiLevel: 33, appium:deviceManufacturer: samsung, appium:deviceModel: SM-T220, appium:deviceName: 192.168.1.9:5555, appium:deviceScreenDensity: 213, appium:deviceScreenSize: 1340x800, appium:deviceUDID: 192.168.1.9:5555, appium:fullReset: false, appium:javascriptEnabled: true, appium:locationContextEnabled: false, appium:networkConnectionEnabled: true, appium:noReset: true, appium:pixelRatio: 1.3312501, appium:platformVersion: 13, appium:statBarHeight: 32, appium:takesScreenshot: true, appium:udid: 192.168.1.9:5555, appium:viewportRect: {height: 704, left: 0, top: 32, width: 1340}, appium:warnings: {}, appium:webStorageEnabled: false, platformName: ANDROID}
Session ID: 54cfa989-746a-4d5d-9657-9f41b6b48625">
      <![CDATA[org.openqa.selenium.TimeoutException: Expected condition failed: waiting for visibility of all elements located by By.id: com.ubsidi:id/tvProduct (tried for 10 second(s) with 500 milliseconds interval)
Build info: version: '4.12.1', revision: '8e34639b11'
System info: os.name: 'Windows 10', os.arch: 'amd64', os.version: '10.0', java.version: '11.0.19'
Driver info: io.appium.java_client.android.AndroidDriver
Capabilities {appium:appActivity: com.ubsidi.epos_2021.activi..., appium:appPackage: com.ubsidi, appium:automationName: uiautomator2, appium:databaseEnabled: false, appium:desired: {appActivity: com.ubsidi.epos_2021.activi..., appPackage: com.ubsidi, automationName: uiautomator2, deviceName: Galaxy Tab A7 Lite, fullReset: false, noReset: true, platformName: ANDROID, platformVersion: 13, udid: 192.168.1.9:5555}, appium:deviceApiLevel: 33, appium:deviceManufacturer: samsung, appium:deviceModel: SM-T220, appium:deviceName: 192.168.1.9:5555, appium:deviceScreenDensity: 213, appium:deviceScreenSize: 1340x800, appium:deviceUDID: 192.168.1.9:5555, appium:fullReset: false, appium:javascriptEnabled: true, appium:locationContextEnabled: false, appium:networkConnectionEnabled: true, appium:noReset: true, appium:pixelRatio: 1.3312501, appium:platformVersion: 13, appium:statBarHeight: 32, appium:takesScreenshot: true, appium:udid: 192.168.1.9:5555, appium:viewportRect: {height: 704, left: 0, top: 32, width: 1340}, appium:warnings: {}, appium:webStorageEnabled: false, platformName: ANDROID}
Session ID: 54cfa989-746a-4d5d-9657-9f41b6b48625
at org.openqa.selenium.support.ui.WebDriverWait.timeoutException(WebDriverWait.java:84)
at org.openqa.selenium.support.ui.FluentWait.until(FluentWait.java:230)
at com.Ubsidi.Utility.NewMyLibrary.selectFoodItemsByCallMehtodByCoordinateWithFakeData(NewMyLibrary.java:435)
at com.Ubsidi.MakeCollectionOrder.CollectionNoPrint.repeatTests(CollectionNoPrint.java:95)
at java.base/java.util.ArrayList.forEach(ArrayList.java:1541)
... Removed 27 stack frames]]>
    </failure>
  </testcase> <!-- repeatTests -->
  <testcase classname="com.Ubsidi.MakeCollectionOrder.CollectionNoPrint" name="stopScreenRecording1" time="0.169"/>
</testsuite> <!-- Test Case 1 -->
