<?xml version="1.0" encoding="UTF-8"?>
<!-- Generated by org.testng.reporters.JUnitXMLReporter -->
<testsuite ignored="0" hostname="DESKTOP-JMKOJCR" failures="1" tests="1" name="Test Case one" time="249.281" errors="0" timestamp="2023-09-21T11:56:21 IST">
  <testcase classname="com.Ubsidi.MakeTableOrder.TableOrder" name="repeatTests" time="134.284">
    <failure type="org.openqa.selenium.StaleElementReferenceException" message="Cached elements &amp;apos;By.id: com.ubsidi:id/tvTable&amp;apos; do not exist in DOM anymore
For documentation on this error, please visit: https://www.selenium.dev/documentation/webdriver/troubleshooting/errors#stale-element-reference-exception
Build info: version: &amp;apos;4.12.1&amp;apos;, revision: &amp;apos;8e34639b11&amp;apos;
System info: os.name: &amp;apos;Windows 10&amp;apos;, os.arch: &amp;apos;amd64&amp;apos;, os.version: &amp;apos;10.0&amp;apos;, java.version: &amp;apos;17.0.7&amp;apos;
Driver info: io.appium.java_client.android.AndroidDriver
Command: [cf539f2f-cfb1-4720-b10e-d0384d36e83f, getElementText {id=00000000-0000-0cb2-ffff-ffff000015bc}]
Capabilities {appium:appActivity: com.ubsidi.epos_2021.activi..., appium:appPackage: com.ubsidi, appium:automationName: uiautomator2, appium:databaseEnabled: false, appium:desired: {appActivity: com.ubsidi.epos_2021.activi..., appPackage: com.ubsidi, automationName: uiautomator2, deviceName: Galaxy Tab A7 Lite, fullReset: false, noReset: true, platformName: ANDROID, platformVersion: 13, udid: R9PT90CWKMZ}, appium:deviceApiLevel: 33, appium:deviceManufacturer: samsung, appium:deviceModel: SM-T220, appium:deviceName: R9PT90CWKMZ, appium:deviceScreenDensity: 213, appium:deviceScreenSize: 1340x800, appium:deviceUDID: R9PT90CWKMZ, appium:fullReset: false, appium:javascriptEnabled: true, appium:locationContextEnabled: false, appium:networkConnectionEnabled: true, appium:noReset: true, appium:pixelRatio: 1.3312501, appium:platformVersion: 13, appium:statBarHeight: 32, appium:takesScreenshot: true, appium:udid: R9PT90CWKMZ, appium:viewportRect: {height: 704, left: 0, top: 32, width: 1340}, appium:warnings: {}, appium:webStorageEnabled: false, platformName: ANDROID}
Element: [[AndroidDriver:  on ANDROID (cf539f2f-cfb1-4720-b10e-d0384d36e83f)] -&amp;gt; id: com.ubsidi:id/tvTable]
Session ID: cf539f2f-cfb1-4720-b10e-d0384d36e83f">
      <![CDATA[org.openqa.selenium.StaleElementReferenceException: Cached elements 'By.id: com.ubsidi:id/tvTable' do not exist in DOM anymore
For documentation on this error, please visit: https://www.selenium.dev/documentation/webdriver/troubleshooting/errors#stale-element-reference-exception
Build info: version: '4.12.1', revision: '8e34639b11'
System info: os.name: 'Windows 10', os.arch: 'amd64', os.version: '10.0', java.version: '17.0.7'
Driver info: io.appium.java_client.android.AndroidDriver
Command: [cf539f2f-cfb1-4720-b10e-d0384d36e83f, getElementText {id=00000000-0000-0cb2-ffff-ffff000015bc}]
Capabilities {appium:appActivity: com.ubsidi.epos_2021.activi..., appium:appPackage: com.ubsidi, appium:automationName: uiautomator2, appium:databaseEnabled: false, appium:desired: {appActivity: com.ubsidi.epos_2021.activi..., appPackage: com.ubsidi, automationName: uiautomator2, deviceName: Galaxy Tab A7 Lite, fullReset: false, noReset: true, platformName: ANDROID, platformVersion: 13, udid: R9PT90CWKMZ}, appium:deviceApiLevel: 33, appium:deviceManufacturer: samsung, appium:deviceModel: SM-T220, appium:deviceName: R9PT90CWKMZ, appium:deviceScreenDensity: 213, appium:deviceScreenSize: 1340x800, appium:deviceUDID: R9PT90CWKMZ, appium:fullReset: false, appium:javascriptEnabled: true, appium:locationContextEnabled: false, appium:networkConnectionEnabled: true, appium:noReset: true, appium:pixelRatio: 1.3312501, appium:platformVersion: 13, appium:statBarHeight: 32, appium:takesScreenshot: true, appium:udid: R9PT90CWKMZ, appium:viewportRect: {height: 704, left: 0, top: 32, width: 1340}, appium:warnings: {}, appium:webStorageEnabled: false, platformName: ANDROID}
Element: [[AndroidDriver:  on ANDROID (cf539f2f-cfb1-4720-b10e-d0384d36e83f)] -> id: com.ubsidi:id/tvTable]
Session ID: cf539f2f-cfb1-4720-b10e-d0384d36e83f
at org.openqa.selenium.remote.codec.w3c.W3CHttpResponseCodec.createException(W3CHttpResponseCodec.java:200)
at org.openqa.selenium.remote.codec.w3c.W3CHttpResponseCodec.decode(W3CHttpResponseCodec.java:133)
at org.openqa.selenium.remote.codec.w3c.W3CHttpResponseCodec.decode(W3CHttpResponseCodec.java:52)
at org.openqa.selenium.remote.HttpCommandExecutor.execute(HttpCommandExecutor.java:191)
at io.appium.java_client.remote.AppiumCommandExecutor.execute(AppiumCommandExecutor.java:250)
at org.openqa.selenium.remote.RemoteWebDriver.execute(RemoteWebDriver.java:602)
at org.openqa.selenium.remote.RemoteWebElement.execute(RemoteWebElement.java:224)
at org.openqa.selenium.remote.RemoteWebElement.getText(RemoteWebElement.java:192)
at com.Ubsidi.Utility.MyLibrary.chooseATable(MyLibrary.java:30)
at com.Ubsidi.MakeTableOrder.TableOrder.repeatTests(TableOrder.java:30)
at java.base/java.util.ArrayList.forEach(ArrayList.java:1511)
... Removed 32 stack frames]]>
    </failure>
  </testcase> <!-- repeatTests -->
</testsuite> <!-- Test Case one -->
